<?xml version="1.0" encoding="UTF-8"?>
<robot generator="Robot 6.1.1 (Python 3.11.2 on win32)" generated="20230907 22:49:37.857" rpa="false" schemaversion="4">
<suite id="s1" name="registerNewAccountPositiveTest" source="C:\Users\alaze\PycharmProjects\RoboTest\TestCases\registerNewAccountPositiveTest.robot">
<test id="s1-t1" name="Register new account" line="10">
<kw name="Given Open register page and fill data">
<kw name="Open my Browser" library="common">
<arg>${REGISTER_URL}</arg>
<kw name="Open Browser" library="SeleniumLibrary">
<arg>${page_url}</arg>
<arg>${BROWSER}</arg>
<doc>Opens a new browser instance to the optional ``url``.</doc>
<msg timestamp="20230907 22:49:38.000" level="INFO">Opening browser 'chrome' to base url 'https://demo.nopcommerce.com/register'.</msg>
<status status="PASS" starttime="20230907 22:49:38.000" endtime="20230907 22:49:42.819"/>
</kw>
<kw name="Maximize Browser Window" library="SeleniumLibrary">
<doc>Maximizes current browser window.</doc>
<status status="PASS" starttime="20230907 22:49:42.819" endtime="20230907 22:49:42.925"/>
</kw>
<status status="PASS" starttime="20230907 22:49:38.000" endtime="20230907 22:49:42.925"/>
</kw>
<kw name="Select gender" library="register_resources">
<kw name="Select Radio Button" library="SeleniumLibrary">
<arg>Gender</arg>
<arg>M</arg>
<doc>Sets the radio button group ``group_name`` to ``value``.</doc>
<msg timestamp="20230907 22:49:42.927" level="INFO">Selecting 'M' from radio button 'Gender'.</msg>
<status status="PASS" starttime="20230907 22:49:42.927" endtime="20230907 22:49:42.978"/>
</kw>
<status status="PASS" starttime="20230907 22:49:42.927" endtime="20230907 22:49:42.978"/>
</kw>
<kw name="Input first and last name" library="register_resources">
<arg>Generate random name</arg>
<arg>Generate random name</arg>
<kw name="Input Text" library="SeleniumLibrary">
<arg>id:FirstName</arg>
<arg>${first_name}</arg>
<doc>Types the given ``text`` into the text field identified by ``locator``.</doc>
<msg timestamp="20230907 22:49:42.979" level="INFO">Typing text 'Generate random name' into text field 'id:FirstName'.</msg>
<status status="PASS" starttime="20230907 22:49:42.978" endtime="20230907 22:49:43.046"/>
</kw>
<kw name="Input Text" library="SeleniumLibrary">
<arg>id:LastName</arg>
<arg>${last_name}</arg>
<doc>Types the given ``text`` into the text field identified by ``locator``.</doc>
<msg timestamp="20230907 22:49:43.046" level="INFO">Typing text 'Generate random name' into text field 'id:LastName'.</msg>
<status status="PASS" starttime="20230907 22:49:43.046" endtime="20230907 22:49:43.110"/>
</kw>
<status status="PASS" starttime="20230907 22:49:42.978" endtime="20230907 22:49:43.110"/>
</kw>
<kw name="Autofill date of birth" library="register_resources">
<kw name="Select From List By Index" library="SeleniumLibrary">
<arg>DateOfBirthDay</arg>
<arg>1</arg>
<doc>Selects options from selection list ``locator`` by ``indexes``.</doc>
<msg timestamp="20230907 22:49:43.110" level="INFO">Selecting options from selection list 'DateOfBirthDay' by index 1.</msg>
<status status="PASS" starttime="20230907 22:49:43.110" endtime="20230907 22:49:43.185"/>
</kw>
<kw name="Select From List By Index" library="SeleniumLibrary">
<arg>DateOfBirthMonth</arg>
<arg>3</arg>
<doc>Selects options from selection list ``locator`` by ``indexes``.</doc>
<msg timestamp="20230907 22:49:43.185" level="INFO">Selecting options from selection list 'DateOfBirthMonth' by index 3.</msg>
<status status="PASS" starttime="20230907 22:49:43.185" endtime="20230907 22:49:43.243"/>
</kw>
<kw name="Select From List By Label" library="SeleniumLibrary">
<arg>DateOfBirthYear</arg>
<arg>2000</arg>
<doc>Selects options from selection list ``locator`` by ``labels``.</doc>
<msg timestamp="20230907 22:49:43.244" level="INFO">Selecting options from selection list 'DateOfBirthYear' by label 2000.</msg>
<status status="PASS" starttime="20230907 22:49:43.243" endtime="20230907 22:49:43.284"/>
</kw>
<status status="PASS" starttime="20230907 22:49:43.110" endtime="20230907 22:49:43.284"/>
</kw>
<kw name="Fill email field" library="register_resources">
<kw name="Input Text" library="SeleniumLibrary">
<arg>id:Email</arg>
<arg>test@test.test</arg>
<doc>Types the given ``text`` into the text field identified by ``locator``.</doc>
<msg timestamp="20230907 22:49:43.284" level="INFO">Typing text 'test@test.test' into text field 'id:Email'.</msg>
<status status="PASS" starttime="20230907 22:49:43.284" endtime="20230907 22:49:43.335"/>
</kw>
<status status="PASS" starttime="20230907 22:49:43.284" endtime="20230907 22:49:43.335"/>
</kw>
<kw name="Fill new password" library="register_resources">
<kw name="Scroll Element Into View" library="SeleniumLibrary">
<arg>id:register-button</arg>
<doc>Scrolls the element identified by ``locator`` into view.</doc>
<status status="PASS" starttime="20230907 22:49:43.335" endtime="20230907 22:49:43.613"/>
</kw>
<kw name="Input Text" library="SeleniumLibrary">
<arg>Password</arg>
<arg>Generate random name</arg>
<doc>Types the given ``text`` into the text field identified by ``locator``.</doc>
<msg timestamp="20230907 22:49:43.613" level="INFO">Typing text 'Generate random name' into text field 'Password'.</msg>
<status status="PASS" starttime="20230907 22:49:43.613" endtime="20230907 22:49:43.668"/>
</kw>
<kw name="Input Text" library="SeleniumLibrary">
<arg>ConfirmPassword</arg>
<arg>Generate random name</arg>
<doc>Types the given ``text`` into the text field identified by ``locator``.</doc>
<msg timestamp="20230907 22:49:43.669" level="INFO">Typing text 'Generate random name' into text field 'ConfirmPassword'.</msg>
<status status="PASS" starttime="20230907 22:49:43.669" endtime="20230907 22:49:43.723"/>
</kw>
<status status="PASS" starttime="20230907 22:49:43.335" endtime="20230907 22:49:43.723"/>
</kw>
<status status="PASS" starttime="20230907 22:49:38.000" endtime="20230907 22:49:43.723"/>
</kw>
<kw name="When Press register button" library="register_resources">
<kw name="Click Button" library="SeleniumLibrary">
<arg>id:register-button</arg>
<doc>Clicks the button identified by ``locator``.</doc>
<msg timestamp="20230907 22:49:43.724" level="INFO">Clicking button 'id:register-button'.</msg>
<status status="PASS" starttime="20230907 22:49:43.723" endtime="20230907 22:49:44.724"/>
</kw>
<status status="PASS" starttime="20230907 22:49:43.723" endtime="20230907 22:49:44.724"/>
</kw>
<kw name="Then Succesfull registration appear">
<kw name="Page Should Contain" library="SeleniumLibrary">
<arg>Register</arg>
<doc>Verifies that current page contains ``text``.</doc>
<msg timestamp="20230907 22:49:44.734" level="INFO">Current page contains text 'Register'.</msg>
<status status="PASS" starttime="20230907 22:49:44.724" endtime="20230907 22:49:44.735"/>
</kw>
<status status="PASS" starttime="20230907 22:49:44.724" endtime="20230907 22:49:44.735"/>
</kw>
<status status="PASS" starttime="20230907 22:49:37.999" endtime="20230907 22:49:44.735"/>
</test>
<doc>A single positive test of registering new account</doc>
<status status="PASS" starttime="20230907 22:49:37.858" endtime="20230907 22:49:44.736"/>
</suite>
<statistics>
<total>
<stat pass="1" fail="0" skip="0">All Tests</stat>
</total>
<tag>
</tag>
<suite>
<stat pass="1" fail="0" skip="0" id="s1" name="registerNewAccountPositiveTest">registerNewAccountPositiveTest</stat>
</suite>
</statistics>
<errors>
</errors>
</robot>
